[2019-08-09 11:24:55.920] [sharedprocess] [info] main {"machineId":"0845e6e4adb1dae90d10e6fc767e511b2877ab1846228c384413f63716ea71d3"}
[2019-08-09 11:24:55.998] [sharedprocess] [info] Scanned user extensions: 4
[2019-08-09 11:24:56.015] [sharedprocess] [info] Scanned user extensions: 4
[2019-08-09 11:24:56.018] [sharedprocess] [info] Scanned user extensions: 4
[2019-08-09 11:24:56.151] [sharedprocess] [info] Deleted from disk kumar-harsh.graphql-for-vscode /home/munam/.vscode/extensions/kumar-harsh.graphql-for-vscode-1.15.0
[2019-08-09 11:24:56.152] [sharedprocess] [info] Scanned system extensions: 71
[2019-08-09 11:24:56.156] [sharedprocess] [info] Scanned system extensions: 71
[2019-08-09 11:24:56.160] [sharedprocess] [info] Scanned system extensions: 71
[2019-08-09 11:24:56.478] [sharedprocess] [info] Scanned user extensions: 4
[2019-08-09 11:25:03.948] [sharedprocess] [info] Scanned user extensions: 4
[2019-08-09 11:25:03.955] [sharedprocess] [info] Scanned user extensions: 4
[2019-08-09 11:25:04.048] [sharedprocess] [info] Scanned system extensions: 71
[2019-08-09 11:25:04.054] [sharedprocess] [info] Scanned system extensions: 71
[2019-08-09 11:25:06.219] [sharedprocess] [info] Scanned user extensions: 4
[2019-08-09 11:25:35.935] [sharedprocess] [info] Starting to clean up unused language packs.
[2019-08-09 11:30:06.235] [sharedprocess] [info] Scanned user extensions: 4
[2019-08-09 11:35:06.247] [sharedprocess] [info] Scanned user extensions: 4
[2019-08-09 11:40:06.259] [sharedprocess] [info] Scanned user extensions: 4
[2019-08-09 11:43:50.698] [sharedprocess] [info] Scanned user extensions: 4
[2019-08-09 11:43:50.704] [sharedprocess] [info] Scanned user extensions: 4
[2019-08-09 11:43:50.811] [sharedprocess] [info] Scanned system extensions: 71
[2019-08-09 11:43:50.820] [sharedprocess] [info] Scanned system extensions: 71
[2019-08-09 11:43:53.025] [sharedprocess] [info] Scanned user extensions: 4
